<?xml version="1.0" encoding="UTF-8" standalone="yes"?>
<graph>
    <vertex>
        <icon>VAADIN/widgetsets/org.opennms.features.vaadin.topology.gwt.TopologyWidget/topologywidget/images/server.png</icon>
        <id>a</id>
        <locked>false</locked>
        <parent>g1</parent>
        <selected>false</selected>
        <x>50</x>
        <y>100</y>
    </vertex>
    <vertex>
        <icon>VAADIN/widgetsets/org.opennms.features.vaadin.topology.gwt.TopologyWidget/topologywidget/images/server.png</icon>
        <id>b</id>
        <locked>false</locked>
        <parent>g1</parent>
        <selected>false</selected>
        <x>100</x>
        <y>50</y>
    </vertex>
    <vertex>
        <icon>VAADIN/widgetsets/org.opennms.features.vaadin.topology.gwt.TopologyWidget/topologywidget/images/server.png</icon>
        <id>c</id>
        <locked>false</locked>
        <parent>g2</parent>
        <selected>false</selected>
        <x>100</x>
        <y>150</y>
    </vertex>
    <vertex>
        <icon>VAADIN/widgetsets/org.opennms.features.vaadin.topology.gwt.TopologyWidget/topologywidget/images/server.png</icon>
        <id>d</id>
        <locked>false</locked>
        <parent>g2</parent>
        <selected>false</selected>
        <x>150</x>
        <y>100</y>
    </vertex>
    <vertex>
        <icon>VAADIN/widgetsets/org.opennms.features.vaadin.topology.gwt.TopologyWidget/topologywidget/images/server.png</icon>
        <id>e</id>
        <locked>false</locked>
        <selected>false</selected>
        <x>200</x>
        <y>200</y>
    </vertex>
    <group>
        <icon>VAADIN/widgetsets/org.opennms.features.vaadin.topology.gwt.TopologyWidget/topologywidget/images/group.png</icon>
        <id>g1</id>
        <locked>false</locked>
        <selected>false</selected>
        <x>0</x>
        <y>0</y>
        <members>a</members>
        <members>b</members>
    </group>
    <group>
        <icon>VAADIN/widgetsets/org.opennms.features.vaadin.topology.gwt.TopologyWidget/topologywidget/images/group.png</icon>
        <id>g2</id>
        <locked>false</locked>
        <selected>false</selected>
        <x>0</x>
        <y>0</y>
        <members>c</members>
        <members>d</members>
    </group>
    <edge>
        <id>e1</id>
        <source>a</source>
        <target>b</target>
    </edge>
    <edge>
        <id>e2</id>
        <source>a</source>
        <target>c</target>
    </edge>
    <edge>
        <id>e3</id>
        <source>b</source>
        <target>c</target>
    </edge>
    <edge>
        <id>e4</id>
        <source>b</source>
        <target>d</target>
    </edge>
    <edge>
        <id>e5</id>
        <source>c</source>
        <target>d</target>
    </edge>
    <edge>
        <id>e6</id>
        <source>a</source>
        <target>e</target>
    </edge>
    <edge>
        <id>e7</id>
        <source>d</source>
        <target>e</target>
    </edge>
</graph>
